<?xml version="1.0" encoding="utf-8"?><testsuites><testsuite name="pytest" errors="0" failures="0" skipped="0" tests="18" time="19.117" timestamp="2025-04-17T11:53:10.083365+08:00" hostname="Mikos-MacBook.local"><testcase classname="test_gmail_agent" name="test_gmail_connection" time="16.074" /><testcase classname="tests.test_basic_tools" name="test_get_current_time_utc" time="0.000" /><testcase classname="tests.test_basic_tools" name="test_get_current_time_specific_tz" time="0.033" /><testcase classname="tests.test_basic_tools" name="test_get_current_time_invalid_tz" time="0.000" /><testcase classname="tests.test_basic_tools" name="test_calculate_simple_addition" time="0.001" /><testcase classname="tests.test_basic_tools" name="test_calculate_complex_expression" time="0.000" /><testcase classname="tests.test_basic_tools" name="test_calculate_invalid_expression" time="0.000" /><testcase classname="tests.test_basic_tools" name="test_calculate_division_by_zero" time="0.000" /><testcase classname="tests.test_basic_tools" name="test_calculate_date_add_days" time="0.000" /><testcase classname="tests.test_basic_tools" name="test_calculate_date_subtract_weeks" time="0.000" /><testcase classname="tests.test_basic_tools" name="test_calculate_date_add_months_and_days" time="0.000" /><testcase classname="tests.test_basic_tools" name="test_calculate_date_subtract_years" time="0.000" /><testcase classname="tests.test_basic_tools" name="test_calculate_date_invalid_start_date" time="0.000" /><testcase classname="tests.test_basic_tools" name="test_calculate_date_invalid_operation" time="0.000" /><testcase classname="tests.test_basic_tools" name="test_calculate_date_invalid_duration_unit" time="0.000" /><testcase classname="tests.test_basic_tools" name="test_calculate_date_unparsable_duration" time="0.000" /><testcase classname="tests.test_clickup_tools" name="test_get_clickup_tasks_success" time="0.001" /><testcase classname="tests.test_clickup_tools" name="test_get_clickup_tasks_api_error" time="0.000" /></testsuite></testsuites>