<?xml version="1.0" encoding="utf-8"?><testsuites><testsuite name="pytest" errors="1" failures="0" skipped="0" tests="1" time="3.307" timestamp="2025-04-17T11:52:38.755882+08:00" hostname="Mikos-MacBook.local"><testcase classname="" name="harpy_agent.tools.slack_tools.adk_web_test" time="0.000"><error message="collection failure">ImportError while importing test module '/Users/mikogarrido/Documents/Projects/harpy/harpy_agent/tools/slack_tools/adk_web_test.py'.
Hint: make sure your test modules/packages have valid Python names.
Traceback:
/Library/Frameworks/Python.framework/Versions/3.13/lib/python3.13/importlib/__init__.py:88: in import_module
    return _bootstrap._gcd_import(name[level:], package, level)
harpy_agent/tools/slack_tools/adk_web_test.py:5: in &lt;module&gt;
    from flask_cors import CORS
E   ModuleNotFoundError: No module named 'flask_cors'</error></testcase></testsuite></testsuites>